<?xml version="1.0" encoding="UTF-8"?>
<!-- Generated by org.testng.reporters.JUnitReportReporter -->
<testsuite skipped="0" hostname="LAPTOP-M6F29H3O" name="Automation.Cucumber.AppTest" tests="1" failures="0" timestamp="2020-05-30T15:22:01 IST" time="0.040" errors="0">
  <testcase name="testApp" time="0.040" classname="Automation.Cucumber.AppTest"/>
  <system-out/>
</testsuite> <!-- Automation.Cucumber.AppTest -->
